This file contains any messages produced by compilers while
running configure, to aid debugging if configure makes a mistake.

It was created by HTSlib configure 1.21, which was
generated by GNU Autoconf 2.69.  Invocation command line was

  $ ./configure 

## --------- ##
## Platform. ##
## --------- ##

hostname = ecs-debian
uname -m = x86_64
uname -r = 5.10.0-28-amd64
uname -s = Linux
uname -v = #1 SMP Debian 5.10.209-2 (2024-01-31)

/usr/bin/uname -p = unknown
/bin/uname -X     = unknown

/bin/arch              = x86_64
/usr/bin/arch -k       = unknown
/usr/convex/getsysinfo = unknown
/usr/bin/hostinfo      = unknown
/bin/machine           = unknown
/usr/bin/oslevel       = unknown
/bin/universe          = unknown

PATH: /root/.miniconda3/bin
PATH: /root/.miniconda3/condabin
PATH: /usr/local/sbin
PATH: /usr/local/bin
PATH: /usr/sbin
PATH: /usr/bin
PATH: /sbin
PATH: /bin


## ----------- ##
## Core tests. ##
## ----------- ##

configure:2283: checking for gcc
configure:2299: found /usr/bin/gcc
configure:2310: result: gcc
configure:2539: checking for C compiler version
configure:2548: gcc --version >&5
gcc (Debian 10.2.1-6) 10.2.1 20210110
Copyright (C) 2020 Free Software Foundation, Inc.
This is free software; see the source for copying conditions.  There is NO
warranty; not even for MERCHANTABILITY or FITNESS FOR A PARTICULAR PURPOSE.

configure:2559: $? = 0
configure:2548: gcc -v >&5
Using built-in specs.
COLLECT_GCC=gcc
COLLECT_LTO_WRAPPER=/usr/lib/gcc/x86_64-linux-gnu/10/lto-wrapper
OFFLOAD_TARGET_NAMES=nvptx-none:amdgcn-amdhsa:hsa
OFFLOAD_TARGET_DEFAULT=1
Target: x86_64-linux-gnu
Configured with: ../src/configure -v --with-pkgversion='Debian 10.2.1-6' --with-bugurl=file:///usr/share/doc/gcc-10/README.Bugs --enable-languages=c,ada,c++,go,brig,d,fortran,objc,obj-c++,m2 --prefix=/usr --with-gcc-major-version-only --program-suffix=-10 --program-prefix=x86_64-linux-gnu- --enable-shared --enable-linker-build-id --libexecdir=/usr/lib --without-included-gettext --enable-threads=posix --libdir=/usr/lib --enable-nls --enable-bootstrap --enable-clocale=gnu --enable-libstdcxx-debug --enable-libstdcxx-time=yes --with-default-libstdcxx-abi=new --enable-gnu-unique-object --disable-vtable-verify --enable-plugin --enable-default-pie --with-system-zlib --enable-libphobos-checking=release --with-target-system-zlib=auto --enable-objc-gc=auto --enable-multiarch --disable-werror --with-arch-32=i686 --with-abi=m64 --with-multilib-list=m32,m64,mx32 --enable-multilib --with-tune=generic --enable-offload-targets=nvptx-none=/build/gcc-10-Km9U7s/gcc-10-10.2.1/debian/tmp-nvptx/usr,amdgcn-amdhsa=/build/gcc-10-Km9U7s/gcc-10-10.2.1/debian/tmp-gcn/usr,hsa --without-cuda-driver --enable-checking=release --build=x86_64-linux-gnu --host=x86_64-linux-gnu --target=x86_64-linux-gnu --with-build-config=bootstrap-lto-lean --enable-link-mutex
Thread model: posix
Supported LTO compression algorithms: zlib zstd
gcc version 10.2.1 20210110 (Debian 10.2.1-6) 
... rest of stderr output deleted ...
configure:2559: $? = 0
configure:2548: gcc -V >&5
gcc: error: unrecognized command-line option '-V'
gcc: fatal error: no input files
compilation terminated.
configure:2559: $? = 1
configure:2548: gcc -qversion >&5
gcc: error: unrecognized command-line option '-qversion'; did you mean '--version'?
gcc: fatal error: no input files
compilation terminated.
configure:2559: $? = 1
configure:2579: checking whether the C compiler works
configure:2601: gcc    conftest.c  >&5
configure:2605: $? = 0
configure:2653: result: yes
configure:2656: checking for C compiler default output file name
configure:2658: result: a.out
configure:2664: checking for suffix of executables
configure:2671: gcc -o conftest    conftest.c  >&5
configure:2675: $? = 0
configure:2697: result: 
configure:2719: checking whether we are cross compiling
configure:2727: gcc -o conftest    conftest.c  >&5
configure:2731: $? = 0
configure:2738: ./conftest
configure:2742: $? = 0
configure:2757: result: no
configure:2762: checking for suffix of object files
configure:2784: gcc -c   conftest.c >&5
configure:2788: $? = 0
configure:2809: result: o
configure:2813: checking whether we are using the GNU C compiler
configure:2832: gcc -c   conftest.c >&5
configure:2832: $? = 0
configure:2841: result: yes
configure:2850: checking whether gcc accepts -g
configure:2870: gcc -c -g  conftest.c >&5
configure:2870: $? = 0
configure:2911: result: yes
configure:2928: checking for gcc option to accept ISO C89
configure:2991: gcc  -c -g -O2  conftest.c >&5
configure:2991: $? = 0
configure:3004: result: none needed
configure:3067: checking for ranlib
configure:3083: found /usr/bin/ranlib
configure:3094: result: ranlib
configure:3117: checking for grep that handles long lines and -e
configure:3175: result: /usr/bin/grep
configure:3200: checking for C compiler warning flags
configure:3313: result: -Wall
configure:3414: checking how to run the C preprocessor
configure:3445: gcc -E  conftest.c
configure:3445: $? = 0
configure:3459: gcc -E  conftest.c
conftest.c:9:10: fatal error: ac_nonexistent.h: No such file or directory
    9 | #include <ac_nonexistent.h>
      |          ^~~~~~~~~~~~~~~~~~
compilation terminated.
configure:3459: $? = 1
configure: failed program was:
| /* confdefs.h */
| #define PACKAGE_NAME "HTSlib"
| #define PACKAGE_TARNAME "htslib"
| #define PACKAGE_VERSION "1.21"
| #define PACKAGE_STRING "HTSlib 1.21"
| #define PACKAGE_BUGREPORT "samtools-help@lists.sourceforge.net"
| #define PACKAGE_URL "http://www.htslib.org/"
| /* end confdefs.h.  */
| #include <ac_nonexistent.h>
configure:3484: result: gcc -E
configure:3504: gcc -E  conftest.c
configure:3504: $? = 0
configure:3518: gcc -E  conftest.c
conftest.c:9:10: fatal error: ac_nonexistent.h: No such file or directory
    9 | #include <ac_nonexistent.h>
      |          ^~~~~~~~~~~~~~~~~~
compilation terminated.
configure:3518: $? = 1
configure: failed program was:
| /* confdefs.h */
| #define PACKAGE_NAME "HTSlib"
| #define PACKAGE_TARNAME "htslib"
| #define PACKAGE_VERSION "1.21"
| #define PACKAGE_STRING "HTSlib 1.21"
| #define PACKAGE_BUGREPORT "samtools-help@lists.sourceforge.net"
| #define PACKAGE_URL "http://www.htslib.org/"
| /* end confdefs.h.  */
| #include <ac_nonexistent.h>
configure:3547: checking for egrep
configure:3609: result: /usr/bin/grep -E
configure:3614: checking for ANSI C header files
configure:3634: gcc -c  -Wall -g -O2  conftest.c >&5
configure:3634: $? = 0
configure:3707: gcc -o conftest  -Wall -g -O2   conftest.c  >&5
configure:3707: $? = 0
configure:3707: ./conftest
configure:3707: $? = 0
configure:3718: result: yes
configure:3731: checking for sys/types.h
configure:3731: gcc -c  -Wall -g -O2  conftest.c >&5
configure:3731: $? = 0
configure:3731: result: yes
configure:3731: checking for sys/stat.h
configure:3731: gcc -c  -Wall -g -O2  conftest.c >&5
configure:3731: $? = 0
configure:3731: result: yes
configure:3731: checking for stdlib.h
configure:3731: gcc -c  -Wall -g -O2  conftest.c >&5
configure:3731: $? = 0
configure:3731: result: yes
configure:3731: checking for string.h
configure:3731: gcc -c  -Wall -g -O2  conftest.c >&5
configure:3731: $? = 0
configure:3731: result: yes
configure:3731: checking for memory.h
configure:3731: gcc -c  -Wall -g -O2  conftest.c >&5
configure:3731: $? = 0
configure:3731: result: yes
configure:3731: checking for strings.h
configure:3731: gcc -c  -Wall -g -O2  conftest.c >&5
configure:3731: $? = 0
configure:3731: result: yes
configure:3731: checking for inttypes.h
configure:3731: gcc -c  -Wall -g -O2  conftest.c >&5
configure:3731: $? = 0
configure:3731: result: yes
configure:3731: checking for stdint.h
configure:3731: gcc -c  -Wall -g -O2  conftest.c >&5
configure:3731: $? = 0
configure:3731: result: yes
configure:3731: checking for unistd.h
configure:3731: gcc -c  -Wall -g -O2  conftest.c >&5
configure:3731: $? = 0
configure:3731: result: yes
configure:3743: checking whether _XOPEN_SOURCE is declared
configure:3743: gcc -c  -Wall -g -O2  conftest.c >&5
conftest.c: In function 'main':
conftest.c:59:10: error: '_XOPEN_SOURCE' undeclared (first use in this function)
   59 |   (void) _XOPEN_SOURCE;
      |          ^~~~~~~~~~~~~
conftest.c:59:10: note: each undeclared identifier is reported only once for each function it appears in
configure:3743: $? = 1
configure: failed program was:
| /* confdefs.h */
| #define PACKAGE_NAME "HTSlib"
| #define PACKAGE_TARNAME "htslib"
| #define PACKAGE_VERSION "1.21"
| #define PACKAGE_STRING "HTSlib 1.21"
| #define PACKAGE_BUGREPORT "samtools-help@lists.sourceforge.net"
| #define PACKAGE_URL "http://www.htslib.org/"
| #define STDC_HEADERS 1
| #define HAVE_SYS_TYPES_H 1
| #define HAVE_SYS_STAT_H 1
| #define HAVE_STDLIB_H 1
| #define HAVE_STRING_H 1
| #define HAVE_MEMORY_H 1
| #define HAVE_STRINGS_H 1
| #define HAVE_INTTYPES_H 1
| #define HAVE_STDINT_H 1
| #define HAVE_UNISTD_H 1
| /* end confdefs.h.  */
| #include <stdio.h>
| #ifdef HAVE_SYS_TYPES_H
| # include <sys/types.h>
| #endif
| #ifdef HAVE_SYS_STAT_H
| # include <sys/stat.h>
| #endif
| #ifdef STDC_HEADERS
| # include <stdlib.h>
| # include <stddef.h>
| #else
| # ifdef HAVE_STDLIB_H
| #  include <stdlib.h>
| # endif
| #endif
| #ifdef HAVE_STRING_H
| # if !defined STDC_HEADERS && defined HAVE_MEMORY_H
| #  include <memory.h>
| # endif
| # include <string.h>
| #endif
| #ifdef HAVE_STRINGS_H
| # include <strings.h>
| #endif
| #ifdef HAVE_INTTYPES_H
| # include <inttypes.h>
| #endif
| #ifdef HAVE_STDINT_H
| # include <stdint.h>
| #endif
| #ifdef HAVE_UNISTD_H
| # include <unistd.h>
| #endif
| int
| main ()
| {
| #ifndef _XOPEN_SOURCE
| #ifdef __cplusplus
|   (void) _XOPEN_SOURCE;
| #else
|   (void) _XOPEN_SOURCE;
| #endif
| #endif
| 
|   ;
|   return 0;
| }
configure:3743: result: no
configure:3753: checking whether __get_cpuid_max is declared
configure:3753: gcc -c  -Wall -g -O2  conftest.c >&5
configure:3753: $? = 0
configure:3753: result: yes
configure:3773: checking whether __cpuid_count is declared
configure:3773: gcc -c  -Wall -g -O2  conftest.c >&5
configure:3773: $? = 0
configure:3773: result: yes
configure:3797: checking C compiler flags needed for sse4.1
configure:3824: gcc -o conftest  -Wall -g -O2   conftest.c  >&5
In file included from /usr/lib/gcc/x86_64-linux-gnu/10/include/smmintrin.h:811,
                 from /usr/lib/gcc/x86_64-linux-gnu/10/include/immintrin.h:37,
                 from /usr/lib/gcc/x86_64-linux-gnu/10/include/x86intrin.h:32,
                 from conftest.c:24:
conftest.c: In function 'main':
/usr/lib/gcc/x86_64-linux-gnu/10/include/popcntintrin.h:35:1: error: inlining failed in call to 'always_inline' '_mm_popcnt_u32': target specific option mismatch
   35 | _mm_popcnt_u32 (unsigned int __X)
      | ^~~~~~~~~~~~~~
conftest.c:34:12: note: called from here
   34 |     return _mm_popcnt_u32(*((char *) &c));
      |            ^~~~~~~~~~~~~~~~~~~~~~~~~~~~~~
In file included from /usr/lib/gcc/x86_64-linux-gnu/10/include/immintrin.h:35,
                 from /usr/lib/gcc/x86_64-linux-gnu/10/include/x86intrin.h:32,
                 from conftest.c:24:
/usr/lib/gcc/x86_64-linux-gnu/10/include/tmmintrin.h:136:1: error: inlining failed in call to 'always_inline' '_mm_shuffle_epi8': target specific option mismatch
  136 | _mm_shuffle_epi8 (__m128i __X, __m128i __Y)
      | ^~~~~~~~~~~~~~~~
conftest.c:33:17: note: called from here
   33 |     __m128i c = _mm_shuffle_epi8(_mm_max_epu32(a, b), b);
      |                 ^~~~~~~~~~~~~~~~~~~~~~~~~~~~~~~~~~~~~~~~
In file included from /usr/lib/gcc/x86_64-linux-gnu/10/include/immintrin.h:37,
                 from /usr/lib/gcc/x86_64-linux-gnu/10/include/x86intrin.h:32,
                 from conftest.c:24:
/usr/lib/gcc/x86_64-linux-gnu/10/include/smmintrin.h:318:1: error: inlining failed in call to 'always_inline' '_mm_max_epu32': target specific option mismatch
  318 | _mm_max_epu32 (__m128i __X, __m128i __Y)
      | ^~~~~~~~~~~~~
conftest.c:33:17: note: called from here
   33 |     __m128i c = _mm_shuffle_epi8(_mm_max_epu32(a, b), b);
      |                 ^~~~~~~~~~~~~~~~~~~~~~~~~~~~~~~~~~~~~~~~
In file included from /usr/lib/gcc/x86_64-linux-gnu/10/include/smmintrin.h:811,
                 from /usr/lib/gcc/x86_64-linux-gnu/10/include/immintrin.h:37,
                 from /usr/lib/gcc/x86_64-linux-gnu/10/include/x86intrin.h:32,
                 from conftest.c:24:
/usr/lib/gcc/x86_64-linux-gnu/10/include/popcntintrin.h:35:1: error: inlining failed in call to 'always_inline' '_mm_popcnt_u32': target specific option mismatch
   35 | _mm_popcnt_u32 (unsigned int __X)
      | ^~~~~~~~~~~~~~
conftest.c:34:12: note: called from here
   34 |     return _mm_popcnt_u32(*((char *) &c));
      |            ^~~~~~~~~~~~~~~~~~~~~~~~~~~~~~
In file included from /usr/lib/gcc/x86_64-linux-gnu/10/include/immintrin.h:35,
                 from /usr/lib/gcc/x86_64-linux-gnu/10/include/x86intrin.h:32,
                 from conftest.c:24:
/usr/lib/gcc/x86_64-linux-gnu/10/include/tmmintrin.h:136:1: error: inlining failed in call to 'always_inline' '_mm_shuffle_epi8': target specific option mismatch
  136 | _mm_shuffle_epi8 (__m128i __X, __m128i __Y)
      | ^~~~~~~~~~~~~~~~
conftest.c:33:17: note: called from here
   33 |     __m128i c = _mm_shuffle_epi8(_mm_max_epu32(a, b), b);
      |                 ^~~~~~~~~~~~~~~~~~~~~~~~~~~~~~~~~~~~~~~~
In file included from /usr/lib/gcc/x86_64-linux-gnu/10/include/immintrin.h:37,
                 from /usr/lib/gcc/x86_64-linux-gnu/10/include/x86intrin.h:32,
                 from conftest.c:24:
/usr/lib/gcc/x86_64-linux-gnu/10/include/smmintrin.h:318:1: error: inlining failed in call to 'always_inline' '_mm_max_epu32': target specific option mismatch
  318 | _mm_max_epu32 (__m128i __X, __m128i __Y)
      | ^~~~~~~~~~~~~
conftest.c:33:17: note: called from here
   33 |     __m128i c = _mm_shuffle_epi8(_mm_max_epu32(a, b), b);
      |                 ^~~~~~~~~~~~~~~~~~~~~~~~~~~~~~~~~~~~~~~~
configure:3824: $? = 1
configure: failed program was:
| /* confdefs.h */
| #define PACKAGE_NAME "HTSlib"
| #define PACKAGE_TARNAME "htslib"
| #define PACKAGE_VERSION "1.21"
| #define PACKAGE_STRING "HTSlib 1.21"
| #define PACKAGE_BUGREPORT "samtools-help@lists.sourceforge.net"
| #define PACKAGE_URL "http://www.htslib.org/"
| #define STDC_HEADERS 1
| #define HAVE_SYS_TYPES_H 1
| #define HAVE_SYS_STAT_H 1
| #define HAVE_STDLIB_H 1
| #define HAVE_STRING_H 1
| #define HAVE_MEMORY_H 1
| #define HAVE_STRINGS_H 1
| #define HAVE_INTTYPES_H 1
| #define HAVE_STDINT_H 1
| #define HAVE_UNISTD_H 1
| #define _XOPEN_SOURCE 600
| #define HAVE_DECL___GET_CPUID_MAX 1
| #define HAVE_DECL___CPUID_COUNT 1
| /* end confdefs.h.  */
| 
|     #ifdef __x86_64__
|     #include "x86intrin.h"
|     #endif
| 
| int
| main ()
| {
| 
|     #ifdef __x86_64__
|     __m128i a = _mm_set_epi32(1, 2, 3, 4), b = _mm_set_epi32(4, 3, 2, 1);
|     __m128i c = _mm_shuffle_epi8(_mm_max_epu32(a, b), b);
|     return _mm_popcnt_u32(*((char *) &c));
|     #endif
| 
|   ;
|   return 0;
| }
configure:3850: gcc -o conftest  -Wall -g -O2  -msse4.1 -mssse3 -mpopcnt   conftest.c  >&5
configure:3850: $? = 0
configure:3862: result: -msse4.1 -mssse3 -mpopcnt
configure:3896: checking C compiler flags needed for avx2
configure:3924: gcc -o conftest  -Wall -g -O2   conftest.c  >&5
conftest.c: In function 'main':
conftest.c:36:13: warning: AVX vector return without AVX enabled changes the ABI [-Wpsabi]
   36 |     __m256i a = _mm256_set_epi32(1, 2, 3, 4, 5, 6, 7, 8);
      |             ^
In file included from /usr/lib/gcc/x86_64-linux-gnu/10/include/smmintrin.h:811,
                 from /usr/lib/gcc/x86_64-linux-gnu/10/include/immintrin.h:37,
                 from /usr/lib/gcc/x86_64-linux-gnu/10/include/x86intrin.h:32,
                 from conftest.c:28:
/usr/lib/gcc/x86_64-linux-gnu/10/include/popcntintrin.h:35:1: error: inlining failed in call to 'always_inline' '_mm_popcnt_u32': target specific option mismatch
   35 | _mm_popcnt_u32 (unsigned int __X)
      | ^~~~~~~~~~~~~~
conftest.c:39:12: note: called from here
   39 |     return _mm_popcnt_u32((int) c);
      |            ^~~~~~~~~~~~~~~~~~~~~~~
In file included from /usr/lib/gcc/x86_64-linux-gnu/10/include/immintrin.h:51,
                 from /usr/lib/gcc/x86_64-linux-gnu/10/include/x86intrin.h:32,
                 from conftest.c:28:
/usr/lib/gcc/x86_64-linux-gnu/10/include/avxintrin.h:551:1: error: inlining failed in call to 'always_inline' '_mm256_extract_epi64': target specific option mismatch
  551 | _mm256_extract_epi64 (__m256i __X, const int __N)
      | ^~~~~~~~~~~~~~~~~~~~
conftest.c:38:19: note: called from here
   38 |     long long c = _mm256_extract_epi64(b, 0);
      |                   ^~~~~~~~~~~~~~~~~~~~~~~~~~
In file included from /usr/lib/gcc/x86_64-linux-gnu/10/include/immintrin.h:53,
                 from /usr/lib/gcc/x86_64-linux-gnu/10/include/x86intrin.h:32,
                 from conftest.c:28:
/usr/lib/gcc/x86_64-linux-gnu/10/include/avx2intrin.h:119:1: error: inlining failed in call to 'always_inline' '_mm256_add_epi32': target specific option mismatch
  119 | _mm256_add_epi32 (__m256i __A, __m256i __B)
      | ^~~~~~~~~~~~~~~~
conftest.c:37:17: note: called from here
   37 |     __m256i b = _mm256_add_epi32(a, a);
      |                 ^~~~~~~~~~~~~~~~~~~~~~
In file included from /usr/lib/gcc/x86_64-linux-gnu/10/include/immintrin.h:51,
                 from /usr/lib/gcc/x86_64-linux-gnu/10/include/x86intrin.h:32,
                 from conftest.c:28:
/usr/lib/gcc/x86_64-linux-gnu/10/include/avxintrin.h:1258:1: error: inlining failed in call to 'always_inline' '_mm256_set_epi32': target specific option mismatch
 1258 | _mm256_set_epi32 (int __A, int __B, int __C, int __D,
      | ^~~~~~~~~~~~~~~~
conftest.c:36:17: note: called from here
   36 |     __m256i a = _mm256_set_epi32(1, 2, 3, 4, 5, 6, 7, 8);
      |                 ^~~~~~~~~~~~~~~~~~~~~~~~~~~~~~~~~~~~~~~~
configure:3924: $? = 1
configure: failed program was:
| /* confdefs.h */
| #define PACKAGE_NAME "HTSlib"
| #define PACKAGE_TARNAME "htslib"
| #define PACKAGE_VERSION "1.21"
| #define PACKAGE_STRING "HTSlib 1.21"
| #define PACKAGE_BUGREPORT "samtools-help@lists.sourceforge.net"
| #define PACKAGE_URL "http://www.htslib.org/"
| #define STDC_HEADERS 1
| #define HAVE_SYS_TYPES_H 1
| #define HAVE_SYS_STAT_H 1
| #define HAVE_STDLIB_H 1
| #define HAVE_STRING_H 1
| #define HAVE_MEMORY_H 1
| #define HAVE_STRINGS_H 1
| #define HAVE_INTTYPES_H 1
| #define HAVE_STDINT_H 1
| #define HAVE_UNISTD_H 1
| #define _XOPEN_SOURCE 600
| #define HAVE_DECL___GET_CPUID_MAX 1
| #define HAVE_DECL___CPUID_COUNT 1
| #define HAVE_SSSE3 1
| #define HAVE_POPCNT 1
| #define HAVE_SSE4_1 1
| #define UBSAN 1
| /* end confdefs.h.  */
| 
|     #ifdef __x86_64__
|     #include "x86intrin.h"
|     #endif
| 
| int
| main ()
| {
| 
|     #ifdef __x86_64__
|     __m256i a = _mm256_set_epi32(1, 2, 3, 4, 5, 6, 7, 8);
|     __m256i b = _mm256_add_epi32(a, a);
|     long long c = _mm256_extract_epi64(b, 0);
|     return _mm_popcnt_u32((int) c);
|     #endif
| 
|   ;
|   return 0;
| }
configure:3951: gcc -o conftest  -Wall -g -O2  -mavx2 -mpopcnt   conftest.c  >&5
configure:3951: $? = 0
configure:3963: result: -mavx2 -mpopcnt
configure:3990: checking C compiler flags needed for avx512f
configure:4019: gcc -o conftest  -Wall -g -O2   conftest.c  >&5
conftest.c: In function 'main':
conftest.c:38:13: warning: AVX512F vector return without AVX512F enabled changes the ABI [-Wpsabi]
   38 |     __m512i a = _mm512_set1_epi32(1);
      |             ^
conftest.c:40:13: warning: AVX vector return without AVX enabled changes the ABI [-Wpsabi]
   40 |     __m256i c = _mm512_castsi512_si256(b);
      |             ^
In file included from /usr/lib/gcc/x86_64-linux-gnu/10/include/smmintrin.h:811,
                 from /usr/lib/gcc/x86_64-linux-gnu/10/include/immintrin.h:37,
                 from /usr/lib/gcc/x86_64-linux-gnu/10/include/x86intrin.h:32,
                 from conftest.c:30:
/usr/lib/gcc/x86_64-linux-gnu/10/include/popcntintrin.h:35:1: error: inlining failed in call to 'always_inline' '_mm_popcnt_u32': target specific option mismatch
   35 | _mm_popcnt_u32 (unsigned int __X)
      | ^~~~~~~~~~~~~~
conftest.c:42:12: note: called from here
   42 |     return _mm_popcnt_u32(*((char *) &c)) + (*(char *) &d);
      |            ^~~~~~~~~~~~~~~~~~~~~~~~~~~~~~
In file included from /usr/lib/gcc/x86_64-linux-gnu/10/include/immintrin.h:55,
                 from /usr/lib/gcc/x86_64-linux-gnu/10/include/x86intrin.h:32,
                 from conftest.c:30:
/usr/lib/gcc/x86_64-linux-gnu/10/include/avx512fintrin.h:5916:1: error: inlining failed in call to 'always_inline' '_mm512_extracti64x4_epi64': target specific option mismatch
 5916 | _mm512_extracti64x4_epi64 (__m512i __A, const int __imm)
      | ^~~~~~~~~~~~~~~~~~~~~~~~~
conftest.c:41:17: note: called from here
   41 |     __m256i d = _mm512_extracti64x4_epi64(a, 1);
      |                 ^~~~~~~~~~~~~~~~~~~~~~~~~~~~~~~
In file included from /usr/lib/gcc/x86_64-linux-gnu/10/include/immintrin.h:55,
                 from /usr/lib/gcc/x86_64-linux-gnu/10/include/x86intrin.h:32,
                 from conftest.c:30:
/usr/lib/gcc/x86_64-linux-gnu/10/include/avx512fintrin.h:15615:1: error: inlining failed in call to 'always_inline' '_mm512_castsi512_si256': target specific option mismatch
15615 | _mm512_castsi512_si256 (__m512i __A)
      | ^~~~~~~~~~~~~~~~~~~~~~
conftest.c:40:17: note: called from here
   40 |     __m256i c = _mm512_castsi512_si256(b);
      |                 ^~~~~~~~~~~~~~~~~~~~~~~~~
In file included from /usr/lib/gcc/x86_64-linux-gnu/10/include/immintrin.h:55,
                 from /usr/lib/gcc/x86_64-linux-gnu/10/include/x86intrin.h:32,
                 from conftest.c:30:
/usr/lib/gcc/x86_64-linux-gnu/10/include/avx512fintrin.h:889:1: error: inlining failed in call to 'always_inline' '_mm512_add_epi32': target specific option mismatch
  889 | _mm512_add_epi32 (__m512i __A, __m512i __B)
      | ^~~~~~~~~~~~~~~~
conftest.c:39:17: note: called from here
   39 |     __m512i b = _mm512_add_epi32(a, a);
      |                 ^~~~~~~~~~~~~~~~~~~~~~
In file included from /usr/lib/gcc/x86_64-linux-gnu/10/include/immintrin.h:55,
                 from /usr/lib/gcc/x86_64-linux-gnu/10/include/x86intrin.h:32,
                 from conftest.c:30:
/usr/lib/gcc/x86_64-linux-gnu/10/include/avx512fintrin.h:4073:1: error: inlining failed in call to 'always_inline' '_mm512_set1_epi32': target specific option mismatch
 4073 | _mm512_set1_epi32 (int __A)
      | ^~~~~~~~~~~~~~~~~
conftest.c:38:17: note: called from here
   38 |     __m512i a = _mm512_set1_epi32(1);
      |                 ^~~~~~~~~~~~~~~~~~~~
configure:4019: $? = 1
configure: failed program was:
| /* confdefs.h */
| #define PACKAGE_NAME "HTSlib"
| #define PACKAGE_TARNAME "htslib"
| #define PACKAGE_VERSION "1.21"
| #define PACKAGE_STRING "HTSlib 1.21"
| #define PACKAGE_BUGREPORT "samtools-help@lists.sourceforge.net"
| #define PACKAGE_URL "http://www.htslib.org/"
| #define STDC_HEADERS 1
| #define HAVE_SYS_TYPES_H 1
| #define HAVE_SYS_STAT_H 1
| #define HAVE_STDLIB_H 1
| #define HAVE_STRING_H 1
| #define HAVE_MEMORY_H 1
| #define HAVE_STRINGS_H 1
| #define HAVE_INTTYPES_H 1
| #define HAVE_STDINT_H 1
| #define HAVE_UNISTD_H 1
| #define _XOPEN_SOURCE 600
| #define HAVE_DECL___GET_CPUID_MAX 1
| #define HAVE_DECL___CPUID_COUNT 1
| #define HAVE_SSSE3 1
| #define HAVE_POPCNT 1
| #define HAVE_SSE4_1 1
| #define UBSAN 1
| #define HAVE_POPCNT 1
| #define HAVE_AVX2 1
| /* end confdefs.h.  */
| 
|     #ifdef __x86_64__
|     #include "x86intrin.h"
|     #endif
| 
| int
| main ()
| {
| 
|     #ifdef __x86_64__
|     __m512i a = _mm512_set1_epi32(1);
|     __m512i b = _mm512_add_epi32(a, a);
|     __m256i c = _mm512_castsi512_si256(b);
|     __m256i d = _mm512_extracti64x4_epi64(a, 1);
|     return _mm_popcnt_u32(*((char *) &c)) + (*(char *) &d);
|     #endif
| 
|   ;
|   return 0;
| }
configure:4047: gcc -o conftest  -Wall -g -O2  -mavx512f -mpopcnt   conftest.c  >&5
configure:4047: $? = 0
configure:4059: result: -mavx512f -mpopcnt
configure:4086: checking for working __builtin_cpu_supports("ssse3")
configure:4103: gcc -o conftest  -Wall -g -O2   conftest.c  >&5
configure:4103: $? = 0
configure:4105: result: yes
configure:4120: checking for __attribute__((target))
configure:4138: gcc -c  -Wall -g -O2  conftest.c >&5
configure:4138: $? = 0
configure:4140: result: yes
configure:4210: checking for pkg-config
configure:4243: result: no
configure:4314: checking for special C compiler options needed for large files
configure:4359: result: no
configure:4365: checking for _FILE_OFFSET_BITS value needed for large files
configure:4390: gcc -c  -Wall -g -O2  conftest.c >&5
configure:4390: $? = 0
configure:4422: result: no
configure:4598: checking shared library type for unknown-Linux
configure:4628: result: plain .so
configure:4633: checking whether the linker supports versioned symbols
configure:4652: gcc -o conftest  -Wall -g -O2  -Wl,-version-script,./htslib.map  conftest.c  >&5
configure:4652: $? = 0
configure:4662: result: yes
configure:4679: checking whether the compiler accepts -fvisibility=hidden
configure:4699: gcc -o conftest  -Wall -g -O2 -fvisibility=hidden   -fvisibility=hidden conftest.c  >&5
configure:4699: $? = 0
configure:4712: result: yes
configure:4767: checking for stdlib.h
configure:4767: result: yes
configure:4767: checking for unistd.h
configure:4767: result: yes
configure:4767: checking for sys/param.h
configure:4767: gcc -c  -Wall -g -O2 -fvisibility=hidden  conftest.c >&5
configure:4767: $? = 0
configure:4767: result: yes
configure:4787: checking for getpagesize
configure:4787: gcc -o conftest  -Wall -g -O2 -fvisibility=hidden   -fvisibility=hidden conftest.c  >&5
configure:4787: $? = 0
configure:4787: result: yes
configure:4796: checking for working mmap
configure:4945: gcc -o conftest  -Wall -g -O2 -fvisibility=hidden   -fvisibility=hidden conftest.c  >&5
conftest.c: In function 'main':
conftest.c:141:14: warning: implicit declaration of function 'getpagesize' [-Wimplicit-function-declaration]
  141 |   pagesize = getpagesize ();
      |              ^~~~~~~~~~~
configure:4945: $? = 0
configure:4945: ./conftest
configure:4945: $? = 0
configure:4955: result: yes
configure:4967: checking for gmtime_r
configure:4967: gcc -o conftest  -Wall -g -O2 -fvisibility=hidden   -fvisibility=hidden conftest.c  >&5
configure:4967: $? = 0
configure:4967: result: yes
configure:4967: checking for fsync
configure:4967: gcc -o conftest  -Wall -g -O2 -fvisibility=hidden   -fvisibility=hidden conftest.c  >&5
configure:4967: $? = 0
configure:4967: result: yes
configure:4967: checking for drand48
configure:4967: gcc -o conftest  -Wall -g -O2 -fvisibility=hidden   -fvisibility=hidden conftest.c  >&5
configure:4967: $? = 0
configure:4967: result: yes
configure:4967: checking for srand48_deterministic
configure:4967: gcc -o conftest  -Wall -g -O2 -fvisibility=hidden   -fvisibility=hidden conftest.c  >&5
/usr/bin/ld: /tmp/ccki5fjj.o: in function `main':
/root/ASC25/tools/htslib/conftest.c:74: undefined reference to `srand48_deterministic'
collect2: error: ld returned 1 exit status
configure:4967: $? = 1
configure: failed program was:
| /* confdefs.h */
| #define PACKAGE_NAME "HTSlib"
| #define PACKAGE_TARNAME "htslib"
| #define PACKAGE_VERSION "1.21"
| #define PACKAGE_STRING "HTSlib 1.21"
| #define PACKAGE_BUGREPORT "samtools-help@lists.sourceforge.net"
| #define PACKAGE_URL "http://www.htslib.org/"
| #define STDC_HEADERS 1
| #define HAVE_SYS_TYPES_H 1
| #define HAVE_SYS_STAT_H 1
| #define HAVE_STDLIB_H 1
| #define HAVE_STRING_H 1
| #define HAVE_MEMORY_H 1
| #define HAVE_STRINGS_H 1
| #define HAVE_INTTYPES_H 1
| #define HAVE_STDINT_H 1
| #define HAVE_UNISTD_H 1
| #define _XOPEN_SOURCE 600
| #define HAVE_DECL___GET_CPUID_MAX 1
| #define HAVE_DECL___CPUID_COUNT 1
| #define HAVE_SSSE3 1
| #define HAVE_POPCNT 1
| #define HAVE_SSE4_1 1
| #define UBSAN 1
| #define HAVE_POPCNT 1
| #define HAVE_AVX2 1
| #define HAVE_POPCNT 1
| #define HAVE_AVX512 1
| #define HAVE_BUILTIN_CPU_SUPPORT_SSSE3 1
| #define HAVE_ATTRIBUTE_TARGET 1
| #define HAVE_STDLIB_H 1
| #define HAVE_UNISTD_H 1
| #define HAVE_SYS_PARAM_H 1
| #define HAVE_GETPAGESIZE 1
| #define HAVE_MMAP 1
| #define HAVE_GMTIME_R 1
| #define HAVE_FSYNC 1
| #define HAVE_DRAND48 1
| /* end confdefs.h.  */
| /* Define srand48_deterministic to an innocuous variant, in case <limits.h> declares srand48_deterministic.
|    For example, HP-UX 11i <limits.h> declares gettimeofday.  */
| #define srand48_deterministic innocuous_srand48_deterministic
| 
| /* System header to define __stub macros and hopefully few prototypes,
|     which can conflict with char srand48_deterministic (); below.
|     Prefer <limits.h> to <assert.h> if __STDC__ is defined, since
|     <limits.h> exists even on freestanding compilers.  */
| 
| #ifdef __STDC__
| # include <limits.h>
| #else
| # include <assert.h>
| #endif
| 
| #undef srand48_deterministic
| 
| /* Override any GCC internal prototype to avoid an error.
|    Use char because int might match the return type of a GCC
|    builtin and then its argument prototype would still apply.  */
| #ifdef __cplusplus
| extern "C"
| #endif
| char srand48_deterministic ();
| /* The GNU C library defines this for functions which it implements
|     to always fail with ENOSYS.  Some functions are actually named
|     something starting with __ and the normal name is an alias.  */
| #if defined __stub_srand48_deterministic || defined __stub___srand48_deterministic
| choke me
| #endif
| 
| int
| main ()
| {
| return srand48_deterministic ();
|   ;
|   return 0;
| }
configure:4967: result: no
configure:4967: checking for getauxval
configure:4967: gcc -o conftest  -Wall -g -O2 -fvisibility=hidden   -fvisibility=hidden conftest.c  >&5
configure:4967: $? = 0
configure:4967: result: yes
configure:4967: checking for elf_aux_info
configure:4967: gcc -o conftest  -Wall -g -O2 -fvisibility=hidden   -fvisibility=hidden conftest.c  >&5
/usr/bin/ld: /tmp/ccWuDub8.o: in function `main':
/root/ASC25/tools/htslib/conftest.c:75: undefined reference to `elf_aux_info'
collect2: error: ld returned 1 exit status
configure:4967: $? = 1
configure: failed program was:
| /* confdefs.h */
| #define PACKAGE_NAME "HTSlib"
| #define PACKAGE_TARNAME "htslib"
| #define PACKAGE_VERSION "1.21"
| #define PACKAGE_STRING "HTSlib 1.21"
| #define PACKAGE_BUGREPORT "samtools-help@lists.sourceforge.net"
| #define PACKAGE_URL "http://www.htslib.org/"
| #define STDC_HEADERS 1
| #define HAVE_SYS_TYPES_H 1
| #define HAVE_SYS_STAT_H 1
| #define HAVE_STDLIB_H 1
| #define HAVE_STRING_H 1
| #define HAVE_MEMORY_H 1
| #define HAVE_STRINGS_H 1
| #define HAVE_INTTYPES_H 1
| #define HAVE_STDINT_H 1
| #define HAVE_UNISTD_H 1
| #define _XOPEN_SOURCE 600
| #define HAVE_DECL___GET_CPUID_MAX 1
| #define HAVE_DECL___CPUID_COUNT 1
| #define HAVE_SSSE3 1
| #define HAVE_POPCNT 1
| #define HAVE_SSE4_1 1
| #define UBSAN 1
| #define HAVE_POPCNT 1
| #define HAVE_AVX2 1
| #define HAVE_POPCNT 1
| #define HAVE_AVX512 1
| #define HAVE_BUILTIN_CPU_SUPPORT_SSSE3 1
| #define HAVE_ATTRIBUTE_TARGET 1
| #define HAVE_STDLIB_H 1
| #define HAVE_UNISTD_H 1
| #define HAVE_SYS_PARAM_H 1
| #define HAVE_GETPAGESIZE 1
| #define HAVE_MMAP 1
| #define HAVE_GMTIME_R 1
| #define HAVE_FSYNC 1
| #define HAVE_DRAND48 1
| #define HAVE_GETAUXVAL 1
| /* end confdefs.h.  */
| /* Define elf_aux_info to an innocuous variant, in case <limits.h> declares elf_aux_info.
|    For example, HP-UX 11i <limits.h> declares gettimeofday.  */
| #define elf_aux_info innocuous_elf_aux_info
| 
| /* System header to define __stub macros and hopefully few prototypes,
|     which can conflict with char elf_aux_info (); below.
|     Prefer <limits.h> to <assert.h> if __STDC__ is defined, since
|     <limits.h> exists even on freestanding compilers.  */
| 
| #ifdef __STDC__
| # include <limits.h>
| #else
| # include <assert.h>
| #endif
| 
| #undef elf_aux_info
| 
| /* Override any GCC internal prototype to avoid an error.
|    Use char because int might match the return type of a GCC
|    builtin and then its argument prototype would still apply.  */
| #ifdef __cplusplus
| extern "C"
| #endif
| char elf_aux_info ();
| /* The GNU C library defines this for functions which it implements
|     to always fail with ENOSYS.  Some functions are actually named
|     something starting with __ and the normal name is an alias.  */
| #if defined __stub_elf_aux_info || defined __stub___elf_aux_info
| choke me
| #endif
| 
| int
| main ()
| {
| return elf_aux_info ();
|   ;
|   return 0;
| }
configure:4967: result: no
configure:4967: checking for posix_memalign
configure:4967: gcc -o conftest  -Wall -g -O2 -fvisibility=hidden   -fvisibility=hidden conftest.c  >&5
conftest.c:64:6: warning: conflicting types for built-in function 'posix_memalign'; expected 'int(void **, long unsigned int,  long unsigned int)' [-Wbuiltin-declaration-mismatch]
   64 | char posix_memalign ();
      |      ^~~~~~~~~~~~~~
configure:4967: $? = 0
configure:4967: result: yes
configure:4979: checking whether fdatasync is declared
configure:4979: gcc -c  -Wall -g -O2 -fvisibility=hidden  conftest.c >&5
configure:4979: $? = 0
configure:4979: result: yes
configure:4983: checking for fdatasync
configure:4983: gcc -o conftest  -Wall -g -O2 -fvisibility=hidden   -fvisibility=hidden conftest.c  >&5
configure:4983: $? = 0
configure:4983: result: yes
configure:4995: checking for __attribute__((constructor))
configure:5010: gcc -o conftest  -Wall -g -O2 -fvisibility=hidden   -fvisibility=hidden conftest.c  >&5
configure:5010: $? = 0
configure:5012: result: yes
configure:5025: checking for clock_gettime with CLOCK_PROCESS_CPUTIME_ID
configure:5041: gcc -o conftest  -Wall -g -O2 -fvisibility=hidden   -fvisibility=hidden conftest.c  >&5
configure:5041: $? = 0
configure:5043: result: yes
configure:5179: checking for library containing log
configure:5210: gcc -o conftest  -Wall -g -O2 -fvisibility=hidden   -fvisibility=hidden conftest.c  >&5
conftest.c:52:6: warning: conflicting types for built-in function 'log'; expected 'double(double)' [-Wbuiltin-declaration-mismatch]
   52 | char log ();
      |      ^~~
conftest.c:1:1: note: 'log' is declared in header '<math.h>'
    1 | /* confdefs.h */
/usr/bin/ld: /tmp/ccQApJKs.o: in function `main':
/root/ASC25/tools/htslib/conftest.c:56: undefined reference to `log'
collect2: error: ld returned 1 exit status
configure:5210: $? = 1
configure: failed program was:
| /* confdefs.h */
| #define PACKAGE_NAME "HTSlib"
| #define PACKAGE_TARNAME "htslib"
| #define PACKAGE_VERSION "1.21"
| #define PACKAGE_STRING "HTSlib 1.21"
| #define PACKAGE_BUGREPORT "samtools-help@lists.sourceforge.net"
| #define PACKAGE_URL "http://www.htslib.org/"
| #define STDC_HEADERS 1
| #define HAVE_SYS_TYPES_H 1
| #define HAVE_SYS_STAT_H 1
| #define HAVE_STDLIB_H 1
| #define HAVE_STRING_H 1
| #define HAVE_MEMORY_H 1
| #define HAVE_STRINGS_H 1
| #define HAVE_INTTYPES_H 1
| #define HAVE_STDINT_H 1
| #define HAVE_UNISTD_H 1
| #define _XOPEN_SOURCE 600
| #define HAVE_DECL___GET_CPUID_MAX 1
| #define HAVE_DECL___CPUID_COUNT 1
| #define HAVE_SSSE3 1
| #define HAVE_POPCNT 1
| #define HAVE_SSE4_1 1
| #define UBSAN 1
| #define HAVE_POPCNT 1
| #define HAVE_AVX2 1
| #define HAVE_POPCNT 1
| #define HAVE_AVX512 1
| #define HAVE_BUILTIN_CPU_SUPPORT_SSSE3 1
| #define HAVE_ATTRIBUTE_TARGET 1
| #define HAVE_STDLIB_H 1
| #define HAVE_UNISTD_H 1
| #define HAVE_SYS_PARAM_H 1
| #define HAVE_GETPAGESIZE 1
| #define HAVE_MMAP 1
| #define HAVE_GMTIME_R 1
| #define HAVE_FSYNC 1
| #define HAVE_DRAND48 1
| #define HAVE_GETAUXVAL 1
| #define HAVE_POSIX_MEMALIGN 1
| #define HAVE_FDATASYNC 1
| #define HAVE_ATTRIBUTE_CONSTRUCTOR 1
| #define HAVE_CLOCK_GETTIME_CPUTIME 1
| /* end confdefs.h.  */
| 
| /* Override any GCC internal prototype to avoid an error.
|    Use char because int might match the return type of a GCC
|    builtin and then its argument prototype would still apply.  */
| #ifdef __cplusplus
| extern "C"
| #endif
| char log ();
| int
| main ()
| {
| return log ();
|   ;
|   return 0;
| }
configure:5210: gcc -o conftest  -Wall -g -O2 -fvisibility=hidden   -fvisibility=hidden conftest.c -lm   >&5
conftest.c:52:6: warning: conflicting types for built-in function 'log'; expected 'double(double)' [-Wbuiltin-declaration-mismatch]
   52 | char log ();
      |      ^~~
conftest.c:1:1: note: 'log' is declared in header '<math.h>'
    1 | /* confdefs.h */
configure:5210: $? = 0
configure:5227: result: -lm
configure:5247: checking for zlib.h
configure:5247: gcc -c  -Wall -g -O2 -fvisibility=hidden  conftest.c >&5
configure:5247: $? = 0
configure:5247: result: yes
configure:5256: checking for inflate in -lz
configure:5281: gcc -o conftest  -Wall -g -O2 -fvisibility=hidden   -fvisibility=hidden conftest.c -lz  -lm  >&5
configure:5281: $? = 0
configure:5290: result: yes
configure:5321: checking for library containing recv
configure:5352: gcc -o conftest  -Wall -g -O2 -fvisibility=hidden   -fvisibility=hidden conftest.c -lz -lm  >&5
configure:5352: $? = 0
configure:5369: result: none required
configure:5415: checking for bzlib.h
configure:5415: gcc -c  -Wall -g -O2 -fvisibility=hidden  conftest.c >&5
configure:5415: $? = 0
configure:5415: result: yes
configure:5424: checking for BZ2_bzBuffToBuffCompress in -lbz2
configure:5449: gcc -o conftest  -Wall -g -O2 -fvisibility=hidden   -fvisibility=hidden conftest.c -lbz2  -lz -lm  >&5
configure:5449: $? = 0
configure:5458: result: yes
configure:5502: checking for lzma.h
configure:5502: gcc -c  -Wall -g -O2 -fvisibility=hidden  conftest.c >&5
configure:5502: $? = 0
configure:5502: result: yes
configure:5515: checking for lzma_easy_buffer_encode in -llzma
configure:5540: gcc -o conftest  -Wall -g -O2 -fvisibility=hidden   -fvisibility=hidden conftest.c -llzma  -lbz2 -lz -lm  >&5
configure:5540: $? = 0
configure:5549: result: yes
configure:5662: checking whether htscodecs files are present
configure:5665: result: yes
configure:5703: checking for libdeflate.h
configure:5703: gcc -c  -Wall -g -O2 -fvisibility=hidden  conftest.c >&5
configure:5703: $? = 0
configure:5703: result: yes
configure:5712: checking for libdeflate_deflate_compress in -ldeflate
configure:5737: gcc -o conftest  -Wall -g -O2 -fvisibility=hidden   -fvisibility=hidden conftest.c -ldeflate  -llzma -lbz2 -lz -lm  >&5
configure:5737: $? = 0
configure:5746: result: yes
configure:5785: checking for curl/curl.h
configure:5785: gcc -c  -Wall -g -O2 -fvisibility=hidden  conftest.c >&5
configure:5785: $? = 0
configure:5785: result: yes
configure:5794: checking for curl_easy_pause in -lcurl
configure:5819: gcc -o conftest  -Wall -g -O2 -fvisibility=hidden   -fvisibility=hidden conftest.c -lcurl  -ldeflate -llzma -lbz2 -lz -lm  >&5
configure:5819: $? = 0
configure:5828: result: yes
configure:5963: checking for CCHmac
configure:5963: gcc -o conftest  -Wall -g -O2 -fvisibility=hidden   -fvisibility=hidden conftest.c -ldeflate -llzma -lbz2 -lz -lm  >&5
/usr/bin/ld: /tmp/cc4cBSr4.o: in function `main':
/root/ASC25/tools/htslib/conftest.c:86: undefined reference to `CCHmac'
collect2: error: ld returned 1 exit status
configure:5963: $? = 1
configure: failed program was:
| /* confdefs.h */
| #define PACKAGE_NAME "HTSlib"
| #define PACKAGE_TARNAME "htslib"
| #define PACKAGE_VERSION "1.21"
| #define PACKAGE_STRING "HTSlib 1.21"
| #define PACKAGE_BUGREPORT "samtools-help@lists.sourceforge.net"
| #define PACKAGE_URL "http://www.htslib.org/"
| #define STDC_HEADERS 1
| #define HAVE_SYS_TYPES_H 1
| #define HAVE_SYS_STAT_H 1
| #define HAVE_STDLIB_H 1
| #define HAVE_STRING_H 1
| #define HAVE_MEMORY_H 1
| #define HAVE_STRINGS_H 1
| #define HAVE_INTTYPES_H 1
| #define HAVE_STDINT_H 1
| #define HAVE_UNISTD_H 1
| #define _XOPEN_SOURCE 600
| #define HAVE_DECL___GET_CPUID_MAX 1
| #define HAVE_DECL___CPUID_COUNT 1
| #define HAVE_SSSE3 1
| #define HAVE_POPCNT 1
| #define HAVE_SSE4_1 1
| #define UBSAN 1
| #define HAVE_POPCNT 1
| #define HAVE_AVX2 1
| #define HAVE_POPCNT 1
| #define HAVE_AVX512 1
| #define HAVE_BUILTIN_CPU_SUPPORT_SSSE3 1
| #define HAVE_ATTRIBUTE_TARGET 1
| #define HAVE_STDLIB_H 1
| #define HAVE_UNISTD_H 1
| #define HAVE_SYS_PARAM_H 1
| #define HAVE_GETPAGESIZE 1
| #define HAVE_MMAP 1
| #define HAVE_GMTIME_R 1
| #define HAVE_FSYNC 1
| #define HAVE_DRAND48 1
| #define HAVE_GETAUXVAL 1
| #define HAVE_POSIX_MEMALIGN 1
| #define HAVE_FDATASYNC 1
| #define HAVE_ATTRIBUTE_CONSTRUCTOR 1
| #define HAVE_CLOCK_GETTIME_CPUTIME 1
| #define HAVE_LIBZ 1
| #define HAVE_LIBBZ2 1
| #define HAVE_LZMA_H 1
| #define HAVE_LIBLZMA 1
| #define HAVE_LIBDEFLATE 1
| #define HAVE_LIBCURL 1
| #define ENABLE_GCS 1
| /* end confdefs.h.  */
| /* Define CCHmac to an innocuous variant, in case <limits.h> declares CCHmac.
|    For example, HP-UX 11i <limits.h> declares gettimeofday.  */
| #define CCHmac innocuous_CCHmac
| 
| /* System header to define __stub macros and hopefully few prototypes,
|     which can conflict with char CCHmac (); below.
|     Prefer <limits.h> to <assert.h> if __STDC__ is defined, since
|     <limits.h> exists even on freestanding compilers.  */
| 
| #ifdef __STDC__
| # include <limits.h>
| #else
| # include <assert.h>
| #endif
| 
| #undef CCHmac
| 
| /* Override any GCC internal prototype to avoid an error.
|    Use char because int might match the return type of a GCC
|    builtin and then its argument prototype would still apply.  */
| #ifdef __cplusplus
| extern "C"
| #endif
| char CCHmac ();
| /* The GNU C library defines this for functions which it implements
|     to always fail with ENOSYS.  Some functions are actually named
|     something starting with __ and the normal name is an alias.  */
| #if defined __stub_CCHmac || defined __stub___CCHmac
| choke me
| #endif
| 
| int
| main ()
| {
| return CCHmac ();
|   ;
|   return 0;
| }
configure:5963: result: no
configure:5970: checking for library containing HMAC
configure:6001: gcc -o conftest  -Wall -g -O2 -fvisibility=hidden   -fvisibility=hidden conftest.c -ldeflate -llzma -lbz2 -lz -lm  >&5
/usr/bin/ld: /tmp/ccCl9YF5.o: in function `main':
/root/ASC25/tools/htslib/conftest.c:63: undefined reference to `HMAC'
collect2: error: ld returned 1 exit status
configure:6001: $? = 1
configure: failed program was:
| /* confdefs.h */
| #define PACKAGE_NAME "HTSlib"
| #define PACKAGE_TARNAME "htslib"
| #define PACKAGE_VERSION "1.21"
| #define PACKAGE_STRING "HTSlib 1.21"
| #define PACKAGE_BUGREPORT "samtools-help@lists.sourceforge.net"
| #define PACKAGE_URL "http://www.htslib.org/"
| #define STDC_HEADERS 1
| #define HAVE_SYS_TYPES_H 1
| #define HAVE_SYS_STAT_H 1
| #define HAVE_STDLIB_H 1
| #define HAVE_STRING_H 1
| #define HAVE_MEMORY_H 1
| #define HAVE_STRINGS_H 1
| #define HAVE_INTTYPES_H 1
| #define HAVE_STDINT_H 1
| #define HAVE_UNISTD_H 1
| #define _XOPEN_SOURCE 600
| #define HAVE_DECL___GET_CPUID_MAX 1
| #define HAVE_DECL___CPUID_COUNT 1
| #define HAVE_SSSE3 1
| #define HAVE_POPCNT 1
| #define HAVE_SSE4_1 1
| #define UBSAN 1
| #define HAVE_POPCNT 1
| #define HAVE_AVX2 1
| #define HAVE_POPCNT 1
| #define HAVE_AVX512 1
| #define HAVE_BUILTIN_CPU_SUPPORT_SSSE3 1
| #define HAVE_ATTRIBUTE_TARGET 1
| #define HAVE_STDLIB_H 1
| #define HAVE_UNISTD_H 1
| #define HAVE_SYS_PARAM_H 1
| #define HAVE_GETPAGESIZE 1
| #define HAVE_MMAP 1
| #define HAVE_GMTIME_R 1
| #define HAVE_FSYNC 1
| #define HAVE_DRAND48 1
| #define HAVE_GETAUXVAL 1
| #define HAVE_POSIX_MEMALIGN 1
| #define HAVE_FDATASYNC 1
| #define HAVE_ATTRIBUTE_CONSTRUCTOR 1
| #define HAVE_CLOCK_GETTIME_CPUTIME 1
| #define HAVE_LIBZ 1
| #define HAVE_LIBBZ2 1
| #define HAVE_LZMA_H 1
| #define HAVE_LIBLZMA 1
| #define HAVE_LIBDEFLATE 1
| #define HAVE_LIBCURL 1
| #define ENABLE_GCS 1
| /* end confdefs.h.  */
| 
| /* Override any GCC internal prototype to avoid an error.
|    Use char because int might match the return type of a GCC
|    builtin and then its argument prototype would still apply.  */
| #ifdef __cplusplus
| extern "C"
| #endif
| char HMAC ();
| int
| main ()
| {
| return HMAC ();
|   ;
|   return 0;
| }
configure:6001: gcc -o conftest  -Wall -g -O2 -fvisibility=hidden   -fvisibility=hidden conftest.c -lcrypto  -ldeflate -llzma -lbz2 -lz -lm  >&5
configure:6001: $? = 0
configure:6018: result: -lcrypto
configure:6060: checking for library containing regcomp
configure:6091: gcc -o conftest  -Wall -g -O2 -fvisibility=hidden   -fvisibility=hidden conftest.c -ldeflate -llzma -lbz2 -lz -lm  >&5
configure:6091: $? = 0
configure:6108: result: none required
configure:6265: creating ./config.status

## ---------------------- ##
## Running config.status. ##
## ---------------------- ##

This file was extended by HTSlib config.status 1.21, which was
generated by GNU Autoconf 2.69.  Invocation command line was

  CONFIG_FILES    = 
  CONFIG_HEADERS  = 
  CONFIG_LINKS    = 
  CONFIG_COMMANDS = 
  $ ./config.status 

on ecs-debian

config.status:873: creating config.mk
config.status:873: creating htslib.pc.tmp
config.status:873: creating config.h
config.status:1069: linking htscodecs_bundled.mk to htscodecs.mk

## ---------------- ##
## Cache variables. ##
## ---------------- ##

ac_cv_c_compiler_gnu=yes
ac_cv_env_CC_set=
ac_cv_env_CC_value=
ac_cv_env_CFLAGS_set=
ac_cv_env_CFLAGS_value=
ac_cv_env_CPPFLAGS_set=
ac_cv_env_CPPFLAGS_value=
ac_cv_env_CPP_set=
ac_cv_env_CPP_value=
ac_cv_env_LDFLAGS_set=
ac_cv_env_LDFLAGS_value=
ac_cv_env_LIBS_set=
ac_cv_env_LIBS_value=
ac_cv_env_PKG_CONFIG_LIBDIR_set=
ac_cv_env_PKG_CONFIG_LIBDIR_value=
ac_cv_env_PKG_CONFIG_PATH_set=
ac_cv_env_PKG_CONFIG_PATH_value=
ac_cv_env_PKG_CONFIG_set=
ac_cv_env_PKG_CONFIG_value=
ac_cv_env_build_alias_set=
ac_cv_env_build_alias_value=
ac_cv_env_host_alias_set=
ac_cv_env_host_alias_value=
ac_cv_env_target_alias_set=
ac_cv_env_target_alias_value=
ac_cv_func_CCHmac=no
ac_cv_func_drand48=yes
ac_cv_func_elf_aux_info=no
ac_cv_func_fdatasync=yes
ac_cv_func_fsync=yes
ac_cv_func_getauxval=yes
ac_cv_func_getpagesize=yes
ac_cv_func_gmtime_r=yes
ac_cv_func_mmap_fixed_mapped=yes
ac_cv_func_posix_memalign=yes
ac_cv_func_srand48_deterministic=no
ac_cv_have_decl__XOPEN_SOURCE=no
ac_cv_have_decl___cpuid_count=yes
ac_cv_have_decl___get_cpuid_max=yes
ac_cv_have_decl_fdatasync_int_=yes
ac_cv_header_bzlib_h=yes
ac_cv_header_curl_curl_h=yes
ac_cv_header_inttypes_h=yes
ac_cv_header_libdeflate_h=yes
ac_cv_header_lzma_h=yes
ac_cv_header_memory_h=yes
ac_cv_header_stdc=yes
ac_cv_header_stdint_h=yes
ac_cv_header_stdlib_h=yes
ac_cv_header_string_h=yes
ac_cv_header_strings_h=yes
ac_cv_header_sys_param_h=yes
ac_cv_header_sys_stat_h=yes
ac_cv_header_sys_types_h=yes
ac_cv_header_unistd_h=yes
ac_cv_header_zlib_h=yes
ac_cv_lib_bz2_BZ2_bzBuffToBuffCompress=yes
ac_cv_lib_curl_curl_easy_pause=yes
ac_cv_lib_deflate_libdeflate_deflate_compress=yes
ac_cv_lib_lzma_lzma_easy_buffer_encode=yes
ac_cv_lib_z_inflate=yes
ac_cv_objext=o
ac_cv_path_EGREP='/usr/bin/grep -E'
ac_cv_path_GREP=/usr/bin/grep
ac_cv_prog_CPP='gcc -E'
ac_cv_prog_ac_ct_CC=gcc
ac_cv_prog_ac_ct_RANLIB=ranlib
ac_cv_prog_cc_c89=
ac_cv_prog_cc_g=yes
ac_cv_search_HMAC=-lcrypto
ac_cv_search_log=-lm
ac_cv_search_recv='none required'
ac_cv_search_regcomp='none required'
ac_cv_sys_file_offset_bits=no
ac_cv_sys_largefile_CC=no
hts_cv_check__fvisibility_hidden=yes
hts_cv_check_cflags_needed_avx2___mavx2__mpopcnt='-mavx2 -mpopcnt'
hts_cv_check_cflags_needed_avx512f___mavx512f__mpopcnt='-mavx512f -mpopcnt'
hts_cv_check_cflags_needed_sse4_1___msse4_1__mssse3__mpopcnt='-msse4.1 -mssse3 -mpopcnt'
hts_cv_have_versioned_symbols=yes
hts_cv_prog_cc_warnings=-Wall

## ----------------- ##
## Output variables. ##
## ----------------- ##

CC='gcc'
CFLAGS=' -Wall -g -O2 -fvisibility=hidden'
CPP='gcc -E'
CPPFLAGS=''
CRYPTO_LIBS='-lcrypto'
DEFS='-DHAVE_CONFIG_H'
ECHO_C=''
ECHO_N='-n'
ECHO_T=''
EGREP='/usr/bin/grep -E'
EXEEXT=''
GREP='/usr/bin/grep'
HTSDIRslash_if_relsrcdir='$(HTSDIR)/'
LDFLAGS=' -fvisibility=hidden'
LIBOBJS=''
LIBS='-ldeflate -llzma -lbz2 -lz -lm '
LTLIBOBJS=''
OBJEXT='o'
PACKAGE_BUGREPORT='samtools-help@lists.sourceforge.net'
PACKAGE_NAME='HTSlib'
PACKAGE_STRING='HTSlib 1.21'
PACKAGE_TARNAME='htslib'
PACKAGE_URL='http://www.htslib.org/'
PACKAGE_VERSION='1.21'
PATH_SEPARATOR=':'
PKG_CONFIG=''
PKG_CONFIG_LIBDIR=''
PKG_CONFIG_PATH=''
PLATFORM='default'
PLUGIN_EXT='.so'
RANLIB='ranlib'
SHELL='/bin/sh'
VERSION_SCRIPT_LDFLAGS='-Wl,-version-script,$(srcprefix)htslib.map'
ac_ct_CC='gcc'
bindir='${exec_prefix}/bin'
build_alias=''
datadir='${datarootdir}'
datarootdir='${prefix}/share'
docdir='${datarootdir}/doc/${PACKAGE_TARNAME}'
dvidir='${docdir}'
enable_plugins='no'
exec_prefix='${prefix}'
gcs='enabled'
host_alias=''
htmldir='${docdir}'
hts_cflags_avx2='-mavx2 -mpopcnt'
hts_cflags_avx512='-mavx512f -mpopcnt'
hts_cflags_sse4='-msse4.1 -mssse3 -mpopcnt'
includedir='${prefix}/include'
infodir='${datarootdir}/info'
libcurl='enabled'
libdir='${exec_prefix}/lib'
libexecdir='${exec_prefix}/libexec'
localedir='${datarootdir}/locale'
localstatedir='${prefix}/var'
mandir='${datarootdir}/man'
oldincludedir='/usr/include'
pc_requires=' liblzma'
pdfdir='${docdir}'
plugindir='$(libexecdir)/htslib'
pluginpath='$(libexecdir)/htslib'
prefix='/usr/local'
private_LIBS=' -lbz2 -ldeflate'
program_transform_name='s,x,x,'
psdir='${docdir}'
runstatedir='${localstatedir}/run'
s3='enabled'
sbindir='${exec_prefix}/sbin'
sharedstatedir='${prefix}/com'
static_LDFLAGS=''
static_LIBS='-lpthread -lz -lm -lbz2 -llzma -ldeflate -lcurl -lcrypto'
sysconfdir='${prefix}/etc'
target_alias=''
with_external_htscodecs='no'

## ----------- ##
## confdefs.h. ##
## ----------- ##

/* confdefs.h */
#define PACKAGE_NAME "HTSlib"
#define PACKAGE_TARNAME "htslib"
#define PACKAGE_VERSION "1.21"
#define PACKAGE_STRING "HTSlib 1.21"
#define PACKAGE_BUGREPORT "samtools-help@lists.sourceforge.net"
#define PACKAGE_URL "http://www.htslib.org/"
#define STDC_HEADERS 1
#define HAVE_SYS_TYPES_H 1
#define HAVE_SYS_STAT_H 1
#define HAVE_STDLIB_H 1
#define HAVE_STRING_H 1
#define HAVE_MEMORY_H 1
#define HAVE_STRINGS_H 1
#define HAVE_INTTYPES_H 1
#define HAVE_STDINT_H 1
#define HAVE_UNISTD_H 1
#define _XOPEN_SOURCE 600
#define HAVE_DECL___GET_CPUID_MAX 1
#define HAVE_DECL___CPUID_COUNT 1
#define HAVE_SSSE3 1
#define HAVE_POPCNT 1
#define HAVE_SSE4_1 1
#define UBSAN 1
#define HAVE_POPCNT 1
#define HAVE_AVX2 1
#define HAVE_POPCNT 1
#define HAVE_AVX512 1
#define HAVE_BUILTIN_CPU_SUPPORT_SSSE3 1
#define HAVE_ATTRIBUTE_TARGET 1
#define HAVE_STDLIB_H 1
#define HAVE_UNISTD_H 1
#define HAVE_SYS_PARAM_H 1
#define HAVE_GETPAGESIZE 1
#define HAVE_MMAP 1
#define HAVE_GMTIME_R 1
#define HAVE_FSYNC 1
#define HAVE_DRAND48 1
#define HAVE_GETAUXVAL 1
#define HAVE_POSIX_MEMALIGN 1
#define HAVE_FDATASYNC 1
#define HAVE_ATTRIBUTE_CONSTRUCTOR 1
#define HAVE_CLOCK_GETTIME_CPUTIME 1
#define HAVE_LIBZ 1
#define HAVE_LIBBZ2 1
#define HAVE_LZMA_H 1
#define HAVE_LIBLZMA 1
#define HAVE_LIBDEFLATE 1
#define HAVE_LIBCURL 1
#define ENABLE_GCS 1
#define HAVE_HMAC 1
#define ENABLE_S3 1

configure: exit 0
